<?xml version="1.0" encoding="UTF-8"?>
<testng-results ignored="0" total="1" passed="1" failed="0" skipped="0">
  <reporter-output>
  </reporter-output>
  <suite started-at="2024-05-25T12:08:48 IST" name="Default suite" finished-at="2024-05-25T12:09:01 IST" duration-ms="13159">
    <groups>
    </groups>
    <test started-at="2024-05-25T12:08:48 IST" name="Default test" finished-at="2024-05-25T12:09:01 IST" duration-ms="13159">
      <class name="basicSeleniumPractice.TablePage">
        <test-method signature="tablePageCount()[pri:0, instance:basicSeleniumPractice.TablePage@470734c3]" started-at="2024-05-25T12:08:48 IST" name="tablePageCount" finished-at="2024-05-25T12:09:01 IST" duration-ms="13109" status="PASS">
          <reporter-output>
          </reporter-output>
        </test-method> <!-- tablePageCount -->
      </class> <!-- basicSeleniumPractice.TablePage -->
    </test> <!-- Default test -->
  </suite> <!-- Default suite -->
</testng-results>
